<?xml version="1.0" encoding="UTF-8"?>
<testsuite xmlns:xsi="http://www.w3.org/2001/XMLSchema-instance" xsi:noNamespaceSchemaLocation="https://maven.apache.org/surefire/maven-surefire-plugin/xsd/surefire-test-report.xsd" name="com.zkw.StudentTest" time="8.733" tests="1" errors="1" skipped="0" failures="0">
  <properties>
[...]
</properties>
  <testcase name="testSaveStudent" classname="com.zkw.StudentTest" time="8.543">
    <error message="could not execute statement" type="org.hibernate.exception.ConstraintViolationException">org.hibernate.exception.ConstraintViolationException: could not execute statement
	at com.zkw.StudentTest.destory(StudentTest.java:30)
Caused by: java.sql.SQLIntegrityConstraintViolationException: 
ORA-00001: 违反唯一约束条件 (CUX.SYS_C00314299)

	at com.zkw.StudentTest.destory(StudentTest.java:30)
</error>
    <system-out><![CDATA[Hibernate: insert into CUX.CUX_STUDENT (NAME, ID) values (?, ?)
]]></system-out>
    <system-err><![CDATA[五月 02, 2020 10:10:58 下午 org.hibernate.annotations.common.Version <clinit>
INFO: HCANN000001: Hibernate Commons Annotations {4.0.2.Final}
五月 02, 2020 10:10:59 下午 org.hibernate.Version logVersion
INFO: HHH000412: Hibernate Core {4.2.4.Final}
五月 02, 2020 10:10:59 下午 org.hibernate.cfg.Environment <clinit>
INFO: HHH000206: hibernate.properties not found
五月 02, 2020 10:10:59 下午 org.hibernate.cfg.Environment buildBytecodeProvider
INFO: HHH000021: Bytecode provider name : javassist
五月 02, 2020 10:10:59 下午 org.hibernate.cfg.Configuration configure
INFO: HHH000043: Configuring from resource: /hibernate.cfg.xml
五月 02, 2020 10:10:59 下午 org.hibernate.cfg.Configuration getConfigurationInputStream
INFO: HHH000040: Configuration resource: /hibernate.cfg.xml
五月 02, 2020 10:10:59 下午 org.hibernate.internal.util.xml.DTDEntityResolver resolveEntity
WARN: HHH000223: Recognized obsolete hibernate namespace http://hibernate.sourceforge.net/. Use namespace http://www.hibernate.org/dtd/ instead. Refer to Hibernate 3.6 Migration Guide!
五月 02, 2020 10:10:59 下午 org.hibernate.cfg.Configuration addResource
INFO: HHH000221: Reading mappings from resource: com/mastertheboss/domain/Student.hbm.xml
五月 02, 2020 10:10:59 下午 org.hibernate.cfg.Configuration doConfigure
INFO: HHH000041: Configured SessionFactory: null
五月 02, 2020 10:10:59 下午 org.hibernate.service.jdbc.connections.internal.DriverManagerConnectionProviderImpl configure
INFO: HHH000402: Using Hibernate built-in connection pool (not for production use!)
五月 02, 2020 10:11:00 下午 org.hibernate.service.jdbc.connections.internal.DriverManagerConnectionProviderImpl configure
INFO: HHH000115: Hibernate connection pool size: 1
五月 02, 2020 10:11:00 下午 org.hibernate.service.jdbc.connections.internal.DriverManagerConnectionProviderImpl configure
INFO: HHH000006: Autocommit mode: false
五月 02, 2020 10:11:00 下午 org.hibernate.service.jdbc.connections.internal.DriverManagerConnectionProviderImpl configure
INFO: HHH000401: using driver [oracle.jdbc.driver.OracleDriver] at URL [jdbc:oracle:thin:@//10.10.6.46:1521/SIT]
五月 02, 2020 10:11:00 下午 org.hibernate.service.jdbc.connections.internal.DriverManagerConnectionProviderImpl configure
INFO: HHH000046: Connection properties: {user=apps, password=****}
五月 02, 2020 10:11:05 下午 org.hibernate.dialect.Dialect <init>
INFO: HHH000400: Using dialect: org.hibernate.dialect.Oracle10gDialect
五月 02, 2020 10:11:05 下午 org.hibernate.engine.transaction.internal.TransactionFactoryInitiator initiateService
INFO: HHH000399: Using default transaction strategy (direct JDBC transactions)
五月 02, 2020 10:11:05 下午 org.hibernate.hql.internal.ast.ASTQueryTranslatorFactory <init>
INFO: HHH000397: Using ASTQueryTranslatorFactory
五月 02, 2020 10:11:06 下午 org.hibernate.engine.jdbc.spi.SqlExceptionHelper logExceptions
WARN: SQL Error: 1, SQLState: 23000
五月 02, 2020 10:11:06 下午 org.hibernate.engine.jdbc.spi.SqlExceptionHelper logExceptions
ERROR: ORA-00001: 违反唯一约束条件 (CUX.SYS_C00314299)

]]></system-err>
  </testcase>
</testsuite>